<?xml version="1.0" encoding="UTF-8"?>
<!-- Generated by org.testng.reporters.JUnitReportReporter -->
<testsuite hostname="DESKTOP-5LGQ1AT" failures="0" tests="1" name="hrm.testcases.AdminLoginwithInvalidData" time="0.917" errors="0" timestamp="2023-09-15T17:55:14 IST" skipped="0">
  <testcase classname="hrm.testcases.AdminLoginwithInvalidData" name="checkAdminLogin" time="0.917"/>
</testsuite> <!-- hrm.testcases.AdminLoginwithInvalidData -->
