<?xml version="1.0" encoding="UTF-8"?>
<!-- Generated by org.testng.reporters.JUnitReportReporter -->
<testsuite hostname="DESKTOP-5LGQ1AT" failures="0" tests="1" name="hrm.testcases.AdminLoginTestCasewithValiddata" time="2.819" errors="0" timestamp="2023-09-15T11:59:50 IST" skipped="0">
  <testcase classname="hrm.testcases.AdminLoginTestCasewithValiddata" name="checkAdminLogin" time="2.819"/>
</testsuite> <!-- hrm.testcases.AdminLoginTestCasewithValiddata -->
