<?xml version="1.0" encoding="UTF-8"?>
<!-- Generated by org.testng.reporters.JUnitReportReporter -->
<testsuite hostname="DESKTOP-5LGQ1AT" failures="0" tests="1" name="OrangeTestCases.EmployeeRegestrationTest" time="4.698" errors="0" timestamp="2023-09-09T14:51:04 IST" skipped="0">
  <testcase classname="OrangeTestCases.EmployeeRegestrationTest" name="checkEmployeeRegestration" time="4.698"/>
</testsuite> <!-- OrangeTestCases.EmployeeRegestrationTest -->
