<?xml version="1.0" encoding="UTF-8"?>
<!-- Generated by org.testng.reporters.JUnitReportReporter -->
<testsuite hostname="LAPTOP-PT2GBA54" failures="0" tests="1" name="OrangehrmTestcases.AdminLoginWithInvalidInputs" time="0.477" errors="0" timestamp="2023-09-24T12:41:41 IST" skipped="0">
  <testcase classname="OrangehrmTestcases.AdminLoginWithInvalidInputs" name="checkAdminLogin" time="0.477"/>
  <system-out/>
</testsuite> <!-- OrangehrmTestcases.AdminLoginWithInvalidInputs -->
