<?xml version="1.0" encoding="UTF-8"?>
<!-- Generated by org.testng.reporters.JUnitReportReporter -->
<testsuite hostname="DESKTOP-5LGQ1AT" failures="0" tests="1" name="orangeHRM.testcases.AdminLoginTestCasewithValidInputs" time="6.601" errors="0" timestamp="2023-09-12T12:25:29 IST" skipped="0">
  <testcase classname="orangeHRM.testcases.AdminLoginTestCasewithValidInputs" name="checkAdminLogin" time="6.601"/>
</testsuite> <!-- orangeHRM.testcases.AdminLoginTestCasewithValidInputs -->
