<?xml version="1.0" encoding="UTF-8"?>
<!-- Generated by org.testng.reporters.JUnitReportReporter -->
<testsuite hostname="DESKTOP-5LGQ1AT" failures="0" tests="1" name="orangeHRM.testcases.AdminLoginTestCasewithInvalidInputs" time="6.610" errors="0" timestamp="2023-09-12T13:41:28 IST" skipped="0">
  <testcase classname="orangeHRM.testcases.AdminLoginTestCasewithInvalidInputs" name="checkAdminLogin" time="6.610"/>
</testsuite> <!-- orangeHRM.testcases.AdminLoginTestCasewithInvalidInputs -->
