<?xml version="1.0" encoding="UTF-8"?>
<!-- Generated by org.testng.reporters.JUnitReportReporter -->
<testsuite hostname="DESKTOP-5LGQ1AT" failures="0" tests="1" name="orangeHRM.testcases.OrangeHRM_HybridTest" time="3.117" errors="0" timestamp="2023-09-14T18:41:07 IST" skipped="0">
  <testcase classname="orangeHRM.testcases.OrangeHRM_HybridTest" name="checkOrangeHRM" time="3.117"/>
</testsuite> <!-- orangeHRM.testcases.OrangeHRM_HybridTest -->
