<?xml version="1.0" encoding="UTF-8"?>
<!-- Generated by org.testng.reporters.JUnitReportReporter -->
<testsuite hostname="LAPTOP-PT2GBA54" failures="0" tests="1" name="orangeHRM.testcases.OrangeHRM_HybridTest" time="15.373" errors="0" timestamp="2023-09-26T16:33:42 IST" skipped="0">
  <testcase classname="orangeHRM.testcases.OrangeHRM_HybridTest" name="checkOrangeHRM" time="15.373"/>
  <system-out/>
</testsuite> <!-- orangeHRM.testcases.OrangeHRM_HybridTest -->
